180203 22:39:07 [Note] Plugin 'FEDERATED' is disabled.
InnoDB: The first specified data file .\ibdata1 did not exist:
InnoDB: a new database to be created!
180203 22:39:08  InnoDB: Setting file .\ibdata1 size to 10 MB
InnoDB: Database physically writes the file full: wait...
180203 22:39:08  InnoDB: Log file .\ib_logfile0 did not exist: new to be created
InnoDB: Setting log file .\ib_logfile0 size to 5 MB
InnoDB: Database physically writes the file full: wait...
180203 22:39:09  InnoDB: Log file .\ib_logfile1 did not exist: new to be created
InnoDB: Setting log file .\ib_logfile1 size to 5 MB
InnoDB: Database physically writes the file full: wait...
InnoDB: Doublewrite buffer not found: creating new
InnoDB: Doublewrite buffer created
InnoDB: Creating foreign key constraint system tables
InnoDB: Foreign key constraint system tables created
180203 22:39:09  InnoDB: Started; log sequence number 0 0
180203 22:39:10 [Note] Event Scheduler: Loaded 0 events
180203 22:39:10 [Note] \usr\local\mysql-5.1\bin\mysqld.exe: ready for connections.
Version: '5.1.40-community'  socket: ''  port: 3306  MySQL Community Server (GPL)
180203 23:02:22 [Note] Plugin 'FEDERATED' is disabled.
InnoDB: The log sequence number in ibdata files does not match
InnoDB: the log sequence number in the ib_logfiles!
180203 23:02:22  InnoDB: Database was not shut down normally!
InnoDB: Starting crash recovery.
InnoDB: Reading tablespace information from the .ibd files...
InnoDB: Restoring possible half-written data pages from the doublewrite
InnoDB: buffer...
180203 23:02:22  InnoDB: Started; log sequence number 0 44233
180203 23:02:23 [Note] Event Scheduler: Loaded 0 events
180203 23:02:23 [Note] \usr\local\mysql-5.1\bin\mysqld.exe: ready for connections.
Version: '5.1.40-community'  socket: ''  port: 3306  MySQL Community Server (GPL)
180203 23:05:56 [Note] Plugin 'FEDERATED' is disabled.
InnoDB: The log sequence number in ibdata files does not match
InnoDB: the log sequence number in the ib_logfiles!
180203 23:05:56  InnoDB: Database was not shut down normally!
InnoDB: Starting crash recovery.
InnoDB: Reading tablespace information from the .ibd files...
InnoDB: Restoring possible half-written data pages from the doublewrite
InnoDB: buffer...
180203 23:05:56  InnoDB: Started; log sequence number 0 44233
180203 23:05:56 [Note] Event Scheduler: Loaded 0 events
180203 23:05:56 [Note] \usr\local\mysql-5.1\bin\mysqld.exe: ready for connections.
Version: '5.1.40-community'  socket: ''  port: 3306  MySQL Community Server (GPL)
180203 23:20:32 [Note] Plugin 'FEDERATED' is disabled.
InnoDB: The log sequence number in ibdata files does not match
InnoDB: the log sequence number in the ib_logfiles!
180203 23:20:33  InnoDB: Database was not shut down normally!
InnoDB: Starting crash recovery.
InnoDB: Reading tablespace information from the .ibd files...
InnoDB: Restoring possible half-written data pages from the doublewrite
InnoDB: buffer...
180203 23:20:33  InnoDB: Started; log sequence number 0 44233
180203 23:20:33 [Note] Event Scheduler: Loaded 0 events
180203 23:20:33 [Note] \usr\local\mysql-5.1\bin\mysqld.exe: ready for connections.
Version: '5.1.40-community'  socket: ''  port: 3306  MySQL Community Server (GPL)
180204 11:34:54 [Note] Plugin 'FEDERATED' is disabled.
InnoDB: The log sequence number in ibdata files does not match
InnoDB: the log sequence number in the ib_logfiles!
180204 11:34:55  InnoDB: Database was not shut down normally!
InnoDB: Starting crash recovery.
InnoDB: Reading tablespace information from the .ibd files...
InnoDB: Restoring possible half-written data pages from the doublewrite
InnoDB: buffer...
180204 11:34:56  InnoDB: Started; log sequence number 0 44233
180204 11:34:56 [Note] Event Scheduler: Loaded 0 events
180204 11:34:56 [Note] \usr\local\mysql-5.1\bin\mysqld.exe: ready for connections.
Version: '5.1.40-community'  socket: ''  port: 3306  MySQL Community Server (GPL)
