[Sun Feb 04 11:34:57 2018] [warn] Init: SSL server IP/port conflict: Tools.localhost:443 (L:/usr/local/apache/conf/vhosts.conf:131) vs. zhem.loc:443 (L:/usr/local/apache/conf/vhosts.conf:154)
[Sun Feb 04 11:34:57 2018] [warn] Init: SSL server IP/port conflict: test1.ru:443 (L:/usr/local/apache/conf/vhosts.conf:108) vs. zhem.loc:443 (L:/usr/local/apache/conf/vhosts.conf:154)
[Sun Feb 04 11:34:57 2018] [warn] Init: SSL server IP/port conflict: subdomain.test1.ru:443 (L:/usr/local/apache/conf/vhosts.conf:85) vs. zhem.loc:443 (L:/usr/local/apache/conf/vhosts.conf:154)
[Sun Feb 04 11:34:57 2018] [warn] Init: SSL server IP/port conflict: subdomain.localhost:443 (L:/usr/local/apache/conf/vhosts.conf:62) vs. zhem.loc:443 (L:/usr/local/apache/conf/vhosts.conf:154)
[Sun Feb 04 11:34:57 2018] [warn] Init: SSL server IP/port conflict: localhost:443 (L:/usr/local/apache/conf/vhosts.conf:39) vs. zhem.loc:443 (L:/usr/local/apache/conf/vhosts.conf:154)
[Sun Feb 04 11:34:57 2018] [warn] Init: You should not use name-based virtual hosts in conjunction with SSL!!
[Sun Feb 04 11:34:57 2018] [warn] Init: SSL server IP/port conflict: Tools.localhost:443 (L:/usr/local/apache/conf/vhosts.conf:131) vs. zhem.loc:443 (L:/usr/local/apache/conf/vhosts.conf:154)
[Sun Feb 04 11:34:57 2018] [warn] Init: SSL server IP/port conflict: test1.ru:443 (L:/usr/local/apache/conf/vhosts.conf:108) vs. zhem.loc:443 (L:/usr/local/apache/conf/vhosts.conf:154)
[Sun Feb 04 11:34:57 2018] [warn] Init: SSL server IP/port conflict: subdomain.test1.ru:443 (L:/usr/local/apache/conf/vhosts.conf:85) vs. zhem.loc:443 (L:/usr/local/apache/conf/vhosts.conf:154)
[Sun Feb 04 11:34:57 2018] [warn] Init: SSL server IP/port conflict: subdomain.localhost:443 (L:/usr/local/apache/conf/vhosts.conf:62) vs. zhem.loc:443 (L:/usr/local/apache/conf/vhosts.conf:154)
[Sun Feb 04 11:34:57 2018] [warn] Init: SSL server IP/port conflict: localhost:443 (L:/usr/local/apache/conf/vhosts.conf:39) vs. zhem.loc:443 (L:/usr/local/apache/conf/vhosts.conf:154)
[Sun Feb 04 11:34:57 2018] [warn] Init: You should not use name-based virtual hosts in conjunction with SSL!!
[Sun Feb 04 11:34:57 2018] [notice] Apache/2.2.4 (Win32) mod_ssl/2.2.4 OpenSSL/0.9.8k PHP/5.2.12 configured -- resuming normal operations
[Sun Feb 04 11:34:57 2018] [notice] Server built: Jan  9 2007 23:17:20
[Sun Feb 04 11:34:58 2018] [notice] Parent: Created child process 5032
[Sun Feb 04 11:34:58 2018] [notice] Disabled use of AcceptEx() WinSock2 API
[Sun Feb 04 11:34:58 2018] [warn] Init: SSL server IP/port conflict: Tools.localhost:443 (L:/usr/local/apache/conf/vhosts.conf:131) vs. zhem.loc:443 (L:/usr/local/apache/conf/vhosts.conf:154)
[Sun Feb 04 11:34:58 2018] [warn] Init: SSL server IP/port conflict: test1.ru:443 (L:/usr/local/apache/conf/vhosts.conf:108) vs. zhem.loc:443 (L:/usr/local/apache/conf/vhosts.conf:154)
[Sun Feb 04 11:34:58 2018] [warn] Init: SSL server IP/port conflict: subdomain.test1.ru:443 (L:/usr/local/apache/conf/vhosts.conf:85) vs. zhem.loc:443 (L:/usr/local/apache/conf/vhosts.conf:154)
[Sun Feb 04 11:34:58 2018] [warn] Init: SSL server IP/port conflict: subdomain.localhost:443 (L:/usr/local/apache/conf/vhosts.conf:62) vs. zhem.loc:443 (L:/usr/local/apache/conf/vhosts.conf:154)
[Sun Feb 04 11:34:58 2018] [warn] Init: SSL server IP/port conflict: localhost:443 (L:/usr/local/apache/conf/vhosts.conf:39) vs. zhem.loc:443 (L:/usr/local/apache/conf/vhosts.conf:154)
[Sun Feb 04 11:34:58 2018] [warn] Init: You should not use name-based virtual hosts in conjunction with SSL!!
[Sun Feb 04 11:34:59 2018] [warn] Init: SSL server IP/port conflict: Tools.localhost:443 (L:/usr/local/apache/conf/vhosts.conf:131) vs. zhem.loc:443 (L:/usr/local/apache/conf/vhosts.conf:154)
[Sun Feb 04 11:34:59 2018] [warn] Init: SSL server IP/port conflict: test1.ru:443 (L:/usr/local/apache/conf/vhosts.conf:108) vs. zhem.loc:443 (L:/usr/local/apache/conf/vhosts.conf:154)
[Sun Feb 04 11:34:59 2018] [warn] Init: SSL server IP/port conflict: subdomain.test1.ru:443 (L:/usr/local/apache/conf/vhosts.conf:85) vs. zhem.loc:443 (L:/usr/local/apache/conf/vhosts.conf:154)
[Sun Feb 04 11:34:59 2018] [warn] Init: SSL server IP/port conflict: subdomain.localhost:443 (L:/usr/local/apache/conf/vhosts.conf:62) vs. zhem.loc:443 (L:/usr/local/apache/conf/vhosts.conf:154)
[Sun Feb 04 11:34:59 2018] [warn] Init: SSL server IP/port conflict: localhost:443 (L:/usr/local/apache/conf/vhosts.conf:39) vs. zhem.loc:443 (L:/usr/local/apache/conf/vhosts.conf:154)
[Sun Feb 04 11:34:59 2018] [warn] Init: You should not use name-based virtual hosts in conjunction with SSL!!
[Sun Feb 04 11:34:59 2018] [notice] Child 5032: Child process is running
[Sun Feb 04 11:34:59 2018] [notice] Child 5032: Acquired the start mutex.
[Sun Feb 04 11:34:59 2018] [notice] Child 5032: Starting 25 worker threads.
[Sun Feb 04 11:34:59 2018] [notice] Child 5032: Listening on port 443.
[Sun Feb 04 11:34:59 2018] [notice] Child 5032: Listening on port 80.
[Sun Feb 04 11:35:09 2018] [error] [client 127.0.0.1] File does not exist: L:/home/zhem.loc/www/favicon.ico
[Sun Feb 04 11:35:09 2018] [error] [client 127.0.0.1] File does not exist: L:/home/zhem.loc/www/favicon.ico, referer: http://zhem.loc/images/TMPs84p89.html
[Sun Feb 04 11:35:28 2018] [error] [client 127.0.0.1] File does not exist: L:/home/zhem.loc/www/kz, referer: http://zhem.loc/images/TMPs84p89.html
